<?xml version="1.0" encoding="UTF-8"?>
<testsuite xmlns:xsi="http://www.w3.org/2001/XMLSchema-instance" xsi:noNamespaceSchemaLocation="https://maven.apache.org/surefire/maven-surefire-plugin/xsd/surefire-test-report-3.0.xsd" version="3.0" name="org.mybatis.jpetstore.web.actions.CatalogActionBeanTest" time="0.006" tests="11" errors="0" skipped="0" failures="0">
  <properties>
    <property name="sun.desktop" value="gnome"/>
    <property name="awt.toolkit" value="sun.awt.X11.XToolkit"/>
    <property name="java.specification.version" value="11"/>
    <property name="sun.cpu.isalist" value=""/>
    <property name="sun.jnu.encoding" value="UTF-8"/>
    <property name="java.class.path" value="/home/karl/Work/CB/Learn/tenant_registration/angular_test/check_in_diff_org/temp/jpetstore-6/target/test-classes:/home/karl/Work/CB/Learn/tenant_registration/angular_test/check_in_diff_org/temp/jpetstore-6/target/classes:/home/karl/.m2/repository/org/mybatis/mybatis/3.5.6/mybatis-3.5.6.jar:/home/karl/.m2/repository/org/mybatis/mybatis-spring/2.0.6/mybatis-spring-2.0.6.jar:/home/karl/.m2/repository/org/springframework/spring-context/5.3.3/spring-context-5.3.3.jar:/home/karl/.m2/repository/org/springframework/spring-aop/5.3.3/spring-aop-5.3.3.jar:/home/karl/.m2/repository/org/springframework/spring-beans/5.3.3/spring-beans-5.3.3.jar:/home/karl/.m2/repository/org/springframework/spring-core/5.3.3/spring-core-5.3.3.jar:/home/karl/.m2/repository/org/springframework/spring-jcl/5.3.3/spring-jcl-5.3.3.jar:/home/karl/.m2/repository/org/springframework/spring-expression/5.3.3/spring-expression-5.3.3.jar:/home/karl/.m2/repository/org/springframework/spring-jdbc/5.3.3/spring-jdbc-5.3.3.jar:/home/karl/.m2/repository/org/springframework/spring-tx/5.3.3/spring-tx-5.3.3.jar:/home/karl/.m2/repository/org/springframework/spring-web/5.3.3/spring-web-5.3.3.jar:/home/karl/.m2/repository/net/sourceforge/stripes/stripes/1.6.0/stripes-1.6.0.jar:/home/karl/.m2/repository/commons-logging/commons-logging/1.1.3/commons-logging-1.1.3.jar:/home/karl/.m2/repository/org/apache/taglibs/taglibs-standard-spec/1.2.5/taglibs-standard-spec-1.2.5.jar:/home/karl/.m2/repository/org/apache/taglibs/taglibs-standard-impl/1.2.5/taglibs-standard-impl-1.2.5.jar:/home/karl/.m2/repository/javax/servlet/jsp/javax.servlet.jsp-api/2.3.3/javax.servlet.jsp-api-2.3.3.jar:/home/karl/.m2/repository/javax/servlet/javax.servlet-api/4.0.1/javax.servlet-api-4.0.1.jar:/home/karl/.m2/repository/log4j/log4j/1.2.17/log4j-1.2.17.jar:/home/karl/.m2/repository/org/hsqldb/hsqldb/2.5.1/hsqldb-2.5.1.jar:/home/karl/.m2/repository/org/junit/jupiter/junit-jupiter-engine/5.7.0/junit-jupiter-engine-5.7.0.jar:/home/karl/.m2/repository/org/apiguardian/apiguardian-api/1.1.0/apiguardian-api-1.1.0.jar:/home/karl/.m2/repository/org/junit/platform/junit-platform-engine/1.7.0/junit-platform-engine-1.7.0.jar:/home/karl/.m2/repository/org/opentest4j/opentest4j/1.2.0/opentest4j-1.2.0.jar:/home/karl/.m2/repository/org/junit/platform/junit-platform-commons/1.7.0/junit-platform-commons-1.7.0.jar:/home/karl/.m2/repository/org/junit/jupiter/junit-jupiter-api/5.7.0/junit-jupiter-api-5.7.0.jar:/home/karl/.m2/repository/org/mockito/mockito-core/3.7.0/mockito-core-3.7.0.jar:/home/karl/.m2/repository/net/bytebuddy/byte-buddy/1.10.19/byte-buddy-1.10.19.jar:/home/karl/.m2/repository/net/bytebuddy/byte-buddy-agent/1.10.19/byte-buddy-agent-1.10.19.jar:/home/karl/.m2/repository/org/objenesis/objenesis/3.1/objenesis-3.1.jar:/home/karl/.m2/repository/org/mockito/mockito-junit-jupiter/3.7.0/mockito-junit-jupiter-3.7.0.jar:/home/karl/.m2/repository/org/assertj/assertj-core/3.18.1/assertj-core-3.18.1.jar:/home/karl/.m2/repository/com/codeborne/selenide/5.17.3/selenide-5.17.3.jar:/home/karl/.m2/repository/org/seleniumhq/selenium/selenium-java/3.141.59/selenium-java-3.141.59.jar:/home/karl/.m2/repository/org/seleniumhq/selenium/selenium-chrome-driver/3.141.59/selenium-chrome-driver-3.141.59.jar:/home/karl/.m2/repository/org/seleniumhq/selenium/selenium-edge-driver/3.141.59/selenium-edge-driver-3.141.59.jar:/home/karl/.m2/repository/org/seleniumhq/selenium/selenium-firefox-driver/3.141.59/selenium-firefox-driver-3.141.59.jar:/home/karl/.m2/repository/org/seleniumhq/selenium/selenium-ie-driver/3.141.59/selenium-ie-driver-3.141.59.jar:/home/karl/.m2/repository/org/seleniumhq/selenium/selenium-opera-driver/3.141.59/selenium-opera-driver-3.141.59.jar:/home/karl/.m2/repository/org/seleniumhq/selenium/selenium-remote-driver/3.141.59/selenium-remote-driver-3.141.59.jar:/home/karl/.m2/repository/org/seleniumhq/selenium/selenium-safari-driver/3.141.59/selenium-safari-driver-3.141.59.jar:/home/karl/.m2/repository/org/apache/commons/commons-exec/1.3/commons-exec-1.3.jar:/home/karl/.m2/repository/com/squareup/okhttp3/okhttp/3.11.0/okhttp-3.11.0.jar:/home/karl/.m2/repository/com/squareup/okio/okio/1.14.0/okio-1.14.0.jar:/home/karl/.m2/repository/io/github/bonigarcia/webdrivermanager/4.2.2/webdrivermanager-4.2.2.jar:/home/karl/.m2/repository/commons-io/commons-io/2.8.0/commons-io-2.8.0.jar:/home/karl/.m2/repository/com/google/code/gson/gson/2.8.6/gson-2.8.6.jar:/home/karl/.m2/repository/org/apache/commons/commons-lang3/3.11/commons-lang3-3.11.jar:/home/karl/.m2/repository/org/jsoup/jsoup/1.13.1/jsoup-1.13.1.jar:/home/karl/.m2/repository/org/rauschig/jarchivelib/1.1.0/jarchivelib-1.1.0.jar:/home/karl/.m2/repository/org/apache/commons/commons-compress/1.20/commons-compress-1.20.jar:/home/karl/.m2/repository/org/apache/httpcomponents/client5/httpclient5/5.0.3/httpclient5-5.0.3.jar:/home/karl/.m2/repository/org/apache/httpcomponents/core5/httpcore5/5.0.2/httpcore5-5.0.2.jar:/home/karl/.m2/repository/commons-codec/commons-codec/1.13/commons-codec-1.13.jar:/home/karl/.m2/repository/com/google/guava/guava/30.1-jre/guava-30.1-jre.jar:/home/karl/.m2/repository/com/google/guava/failureaccess/1.0.1/failureaccess-1.0.1.jar:/home/karl/.m2/repository/com/google/guava/listenablefuture/9999.0-empty-to-avoid-conflict-with-guava/listenablefuture-9999.0-empty-to-avoid-conflict-with-guava.jar:/home/karl/.m2/repository/com/google/code/findbugs/jsr305/3.0.2/jsr305-3.0.2.jar:/home/karl/.m2/repository/org/checkerframework/checker-qual/3.5.0/checker-qual-3.5.0.jar:/home/karl/.m2/repository/com/google/errorprone/error_prone_annotations/2.3.4/error_prone_annotations-2.3.4.jar:/home/karl/.m2/repository/com/google/j2objc/j2objc-annotations/1.3/j2objc-annotations-1.3.jar:/home/karl/.m2/repository/org/slf4j/slf4j-api/1.7.30/slf4j-api-1.7.30.jar:/home/karl/.m2/repository/org/seleniumhq/selenium/htmlunit-driver/2.46.0/htmlunit-driver-2.46.0.jar:/home/karl/.m2/repository/org/seleniumhq/selenium/selenium-api/3.141.59/selenium-api-3.141.59.jar:/home/karl/.m2/repository/org/seleniumhq/selenium/selenium-support/3.141.59/selenium-support-3.141.59.jar:/home/karl/.m2/repository/net/sourceforge/htmlunit/htmlunit/2.46.0/htmlunit-2.46.0.jar:/home/karl/.m2/repository/xalan/xalan/2.7.2/xalan-2.7.2.jar:/home/karl/.m2/repository/xalan/serializer/2.7.2/serializer-2.7.2.jar:/home/karl/.m2/repository/org/apache/commons/commons-text/1.9/commons-text-1.9.jar:/home/karl/.m2/repository/org/apache/httpcomponents/httpmime/4.5.13/httpmime-4.5.13.jar:/home/karl/.m2/repository/org/apache/httpcomponents/httpclient/4.5.13/httpclient-4.5.13.jar:/home/karl/.m2/repository/org/apache/httpcomponents/httpcore/4.4.13/httpcore-4.4.13.jar:/home/karl/.m2/repository/net/sourceforge/htmlunit/htmlunit-core-js/2.46.0/htmlunit-core-js-2.46.0.jar:/home/karl/.m2/repository/net/sourceforge/htmlunit/neko-htmlunit/2.46.0/neko-htmlunit-2.46.0.jar:/home/karl/.m2/repository/xerces/xercesImpl/2.12.0/xercesImpl-2.12.0.jar:/home/karl/.m2/repository/xml-apis/xml-apis/1.4.01/xml-apis-1.4.01.jar:/home/karl/.m2/repository/net/sourceforge/htmlunit/htmlunit-cssparser/1.7.0/htmlunit-cssparser-1.7.0.jar:/home/karl/.m2/repository/commons-net/commons-net/3.7.2/commons-net-3.7.2.jar:/home/karl/.m2/repository/org/brotli/dec/0.1.2/dec-0.1.2.jar:/home/karl/.m2/repository/com/shapesecurity/salvation2/3.0.0/salvation2-3.0.0.jar:/home/karl/.m2/repository/org/eclipse/jetty/websocket/websocket-client/9.4.35.v20201120/websocket-client-9.4.35.v20201120.jar:/home/karl/.m2/repository/org/eclipse/jetty/jetty-client/9.4.35.v20201120/jetty-client-9.4.35.v20201120.jar:/home/karl/.m2/repository/org/eclipse/jetty/jetty-http/9.4.35.v20201120/jetty-http-9.4.35.v20201120.jar:/home/karl/.m2/repository/org/eclipse/jetty/jetty-util/9.4.35.v20201120/jetty-util-9.4.35.v20201120.jar:/home/karl/.m2/repository/org/eclipse/jetty/jetty-io/9.4.35.v20201120/jetty-io-9.4.35.v20201120.jar:/home/karl/.m2/repository/org/eclipse/jetty/websocket/websocket-common/9.4.35.v20201120/websocket-common-9.4.35.v20201120.jar:/home/karl/.m2/repository/org/eclipse/jetty/websocket/websocket-api/9.4.35.v20201120/websocket-api-9.4.35.v20201120.jar:/home/karl/.m2/repository/org/springframework/spring-test/5.3.3/spring-test-5.3.3.jar:"/>
    <property name="java.vm.vendor" value="Ubuntu"/>
    <property name="sun.arch.data.model" value="64"/>
    <property name="java.vendor.url" value="https://ubuntu.com/"/>
    <property name="user.timezone" value=""/>
    <property name="java.vm.specification.version" value="11"/>
    <property name="os.name" value="Linux"/>
    <property name="sun.java.launcher" value="SUN_STANDARD"/>
    <property name="user.country" value="GB"/>
    <property name="sun.boot.library.path" value="/usr/lib/jvm/java-11-openjdk-amd64/lib"/>
    <property name="sun.java.command" value="/home/karl/Work/CB/Learn/tenant_registration/angular_test/check_in_diff_org/temp/jpetstore-6/target/surefire/surefirebooter9375514083668142718.jar /home/karl/Work/CB/Learn/tenant_registration/angular_test/check_in_diff_org/temp/jpetstore-6/target/surefire 2021-05-05T12-31-54_976-jvmRun1 surefire11656475769289652781tmp surefire_016054162081566107843tmp"/>
    <property name="jdk.debug" value="release"/>
    <property name="surefire.test.class.path" value="/home/karl/Work/CB/Learn/tenant_registration/angular_test/check_in_diff_org/temp/jpetstore-6/target/test-classes:/home/karl/Work/CB/Learn/tenant_registration/angular_test/check_in_diff_org/temp/jpetstore-6/target/classes:/home/karl/.m2/repository/org/mybatis/mybatis/3.5.6/mybatis-3.5.6.jar:/home/karl/.m2/repository/org/mybatis/mybatis-spring/2.0.6/mybatis-spring-2.0.6.jar:/home/karl/.m2/repository/org/springframework/spring-context/5.3.3/spring-context-5.3.3.jar:/home/karl/.m2/repository/org/springframework/spring-aop/5.3.3/spring-aop-5.3.3.jar:/home/karl/.m2/repository/org/springframework/spring-beans/5.3.3/spring-beans-5.3.3.jar:/home/karl/.m2/repository/org/springframework/spring-core/5.3.3/spring-core-5.3.3.jar:/home/karl/.m2/repository/org/springframework/spring-jcl/5.3.3/spring-jcl-5.3.3.jar:/home/karl/.m2/repository/org/springframework/spring-expression/5.3.3/spring-expression-5.3.3.jar:/home/karl/.m2/repository/org/springframework/spring-jdbc/5.3.3/spring-jdbc-5.3.3.jar:/home/karl/.m2/repository/org/springframework/spring-tx/5.3.3/spring-tx-5.3.3.jar:/home/karl/.m2/repository/org/springframework/spring-web/5.3.3/spring-web-5.3.3.jar:/home/karl/.m2/repository/net/sourceforge/stripes/stripes/1.6.0/stripes-1.6.0.jar:/home/karl/.m2/repository/commons-logging/commons-logging/1.1.3/commons-logging-1.1.3.jar:/home/karl/.m2/repository/org/apache/taglibs/taglibs-standard-spec/1.2.5/taglibs-standard-spec-1.2.5.jar:/home/karl/.m2/repository/org/apache/taglibs/taglibs-standard-impl/1.2.5/taglibs-standard-impl-1.2.5.jar:/home/karl/.m2/repository/javax/servlet/jsp/javax.servlet.jsp-api/2.3.3/javax.servlet.jsp-api-2.3.3.jar:/home/karl/.m2/repository/javax/servlet/javax.servlet-api/4.0.1/javax.servlet-api-4.0.1.jar:/home/karl/.m2/repository/log4j/log4j/1.2.17/log4j-1.2.17.jar:/home/karl/.m2/repository/org/hsqldb/hsqldb/2.5.1/hsqldb-2.5.1.jar:/home/karl/.m2/repository/org/junit/jupiter/junit-jupiter-engine/5.7.0/junit-jupiter-engine-5.7.0.jar:/home/karl/.m2/repository/org/apiguardian/apiguardian-api/1.1.0/apiguardian-api-1.1.0.jar:/home/karl/.m2/repository/org/junit/platform/junit-platform-engine/1.7.0/junit-platform-engine-1.7.0.jar:/home/karl/.m2/repository/org/opentest4j/opentest4j/1.2.0/opentest4j-1.2.0.jar:/home/karl/.m2/repository/org/junit/platform/junit-platform-commons/1.7.0/junit-platform-commons-1.7.0.jar:/home/karl/.m2/repository/org/junit/jupiter/junit-jupiter-api/5.7.0/junit-jupiter-api-5.7.0.jar:/home/karl/.m2/repository/org/mockito/mockito-core/3.7.0/mockito-core-3.7.0.jar:/home/karl/.m2/repository/net/bytebuddy/byte-buddy/1.10.19/byte-buddy-1.10.19.jar:/home/karl/.m2/repository/net/bytebuddy/byte-buddy-agent/1.10.19/byte-buddy-agent-1.10.19.jar:/home/karl/.m2/repository/org/objenesis/objenesis/3.1/objenesis-3.1.jar:/home/karl/.m2/repository/org/mockito/mockito-junit-jupiter/3.7.0/mockito-junit-jupiter-3.7.0.jar:/home/karl/.m2/repository/org/assertj/assertj-core/3.18.1/assertj-core-3.18.1.jar:/home/karl/.m2/repository/com/codeborne/selenide/5.17.3/selenide-5.17.3.jar:/home/karl/.m2/repository/org/seleniumhq/selenium/selenium-java/3.141.59/selenium-java-3.141.59.jar:/home/karl/.m2/repository/org/seleniumhq/selenium/selenium-chrome-driver/3.141.59/selenium-chrome-driver-3.141.59.jar:/home/karl/.m2/repository/org/seleniumhq/selenium/selenium-edge-driver/3.141.59/selenium-edge-driver-3.141.59.jar:/home/karl/.m2/repository/org/seleniumhq/selenium/selenium-firefox-driver/3.141.59/selenium-firefox-driver-3.141.59.jar:/home/karl/.m2/repository/org/seleniumhq/selenium/selenium-ie-driver/3.141.59/selenium-ie-driver-3.141.59.jar:/home/karl/.m2/repository/org/seleniumhq/selenium/selenium-opera-driver/3.141.59/selenium-opera-driver-3.141.59.jar:/home/karl/.m2/repository/org/seleniumhq/selenium/selenium-remote-driver/3.141.59/selenium-remote-driver-3.141.59.jar:/home/karl/.m2/repository/org/seleniumhq/selenium/selenium-safari-driver/3.141.59/selenium-safari-driver-3.141.59.jar:/home/karl/.m2/repository/org/apache/commons/commons-exec/1.3/commons-exec-1.3.jar:/home/karl/.m2/repository/com/squareup/okhttp3/okhttp/3.11.0/okhttp-3.11.0.jar:/home/karl/.m2/repository/com/squareup/okio/okio/1.14.0/okio-1.14.0.jar:/home/karl/.m2/repository/io/github/bonigarcia/webdrivermanager/4.2.2/webdrivermanager-4.2.2.jar:/home/karl/.m2/repository/commons-io/commons-io/2.8.0/commons-io-2.8.0.jar:/home/karl/.m2/repository/com/google/code/gson/gson/2.8.6/gson-2.8.6.jar:/home/karl/.m2/repository/org/apache/commons/commons-lang3/3.11/commons-lang3-3.11.jar:/home/karl/.m2/repository/org/jsoup/jsoup/1.13.1/jsoup-1.13.1.jar:/home/karl/.m2/repository/org/rauschig/jarchivelib/1.1.0/jarchivelib-1.1.0.jar:/home/karl/.m2/repository/org/apache/commons/commons-compress/1.20/commons-compress-1.20.jar:/home/karl/.m2/repository/org/apache/httpcomponents/client5/httpclient5/5.0.3/httpclient5-5.0.3.jar:/home/karl/.m2/repository/org/apache/httpcomponents/core5/httpcore5/5.0.2/httpcore5-5.0.2.jar:/home/karl/.m2/repository/commons-codec/commons-codec/1.13/commons-codec-1.13.jar:/home/karl/.m2/repository/com/google/guava/guava/30.1-jre/guava-30.1-jre.jar:/home/karl/.m2/repository/com/google/guava/failureaccess/1.0.1/failureaccess-1.0.1.jar:/home/karl/.m2/repository/com/google/guava/listenablefuture/9999.0-empty-to-avoid-conflict-with-guava/listenablefuture-9999.0-empty-to-avoid-conflict-with-guava.jar:/home/karl/.m2/repository/com/google/code/findbugs/jsr305/3.0.2/jsr305-3.0.2.jar:/home/karl/.m2/repository/org/checkerframework/checker-qual/3.5.0/checker-qual-3.5.0.jar:/home/karl/.m2/repository/com/google/errorprone/error_prone_annotations/2.3.4/error_prone_annotations-2.3.4.jar:/home/karl/.m2/repository/com/google/j2objc/j2objc-annotations/1.3/j2objc-annotations-1.3.jar:/home/karl/.m2/repository/org/slf4j/slf4j-api/1.7.30/slf4j-api-1.7.30.jar:/home/karl/.m2/repository/org/seleniumhq/selenium/htmlunit-driver/2.46.0/htmlunit-driver-2.46.0.jar:/home/karl/.m2/repository/org/seleniumhq/selenium/selenium-api/3.141.59/selenium-api-3.141.59.jar:/home/karl/.m2/repository/org/seleniumhq/selenium/selenium-support/3.141.59/selenium-support-3.141.59.jar:/home/karl/.m2/repository/net/sourceforge/htmlunit/htmlunit/2.46.0/htmlunit-2.46.0.jar:/home/karl/.m2/repository/xalan/xalan/2.7.2/xalan-2.7.2.jar:/home/karl/.m2/repository/xalan/serializer/2.7.2/serializer-2.7.2.jar:/home/karl/.m2/repository/org/apache/commons/commons-text/1.9/commons-text-1.9.jar:/home/karl/.m2/repository/org/apache/httpcomponents/httpmime/4.5.13/httpmime-4.5.13.jar:/home/karl/.m2/repository/org/apache/httpcomponents/httpclient/4.5.13/httpclient-4.5.13.jar:/home/karl/.m2/repository/org/apache/httpcomponents/httpcore/4.4.13/httpcore-4.4.13.jar:/home/karl/.m2/repository/net/sourceforge/htmlunit/htmlunit-core-js/2.46.0/htmlunit-core-js-2.46.0.jar:/home/karl/.m2/repository/net/sourceforge/htmlunit/neko-htmlunit/2.46.0/neko-htmlunit-2.46.0.jar:/home/karl/.m2/repository/xerces/xercesImpl/2.12.0/xercesImpl-2.12.0.jar:/home/karl/.m2/repository/xml-apis/xml-apis/1.4.01/xml-apis-1.4.01.jar:/home/karl/.m2/repository/net/sourceforge/htmlunit/htmlunit-cssparser/1.7.0/htmlunit-cssparser-1.7.0.jar:/home/karl/.m2/repository/commons-net/commons-net/3.7.2/commons-net-3.7.2.jar:/home/karl/.m2/repository/org/brotli/dec/0.1.2/dec-0.1.2.jar:/home/karl/.m2/repository/com/shapesecurity/salvation2/3.0.0/salvation2-3.0.0.jar:/home/karl/.m2/repository/org/eclipse/jetty/websocket/websocket-client/9.4.35.v20201120/websocket-client-9.4.35.v20201120.jar:/home/karl/.m2/repository/org/eclipse/jetty/jetty-client/9.4.35.v20201120/jetty-client-9.4.35.v20201120.jar:/home/karl/.m2/repository/org/eclipse/jetty/jetty-http/9.4.35.v20201120/jetty-http-9.4.35.v20201120.jar:/home/karl/.m2/repository/org/eclipse/jetty/jetty-util/9.4.35.v20201120/jetty-util-9.4.35.v20201120.jar:/home/karl/.m2/repository/org/eclipse/jetty/jetty-io/9.4.35.v20201120/jetty-io-9.4.35.v20201120.jar:/home/karl/.m2/repository/org/eclipse/jetty/websocket/websocket-common/9.4.35.v20201120/websocket-common-9.4.35.v20201120.jar:/home/karl/.m2/repository/org/eclipse/jetty/websocket/websocket-api/9.4.35.v20201120/websocket-api-9.4.35.v20201120.jar:/home/karl/.m2/repository/org/springframework/spring-test/5.3.3/spring-test-5.3.3.jar:"/>
    <property name="sun.cpu.endian" value="little"/>
    <property name="user.home" value="/home/karl"/>
    <property name="user.language" value="en"/>
    <property name="java.specification.vendor" value="Oracle Corporation"/>
    <property name="java.version.date" value="2021-04-20"/>
    <property name="java.home" value="/usr/lib/jvm/java-11-openjdk-amd64"/>
    <property name="file.separator" value="/"/>
    <property name="basedir" value="/home/karl/Work/CB/Learn/tenant_registration/angular_test/check_in_diff_org/temp/jpetstore-6"/>
    <property name="java.vm.compressedOopsMode" value="Zero based"/>
    <property name="line.separator" value="&#10;"/>
    <property name="java.specification.name" value="Java Platform API Specification"/>
    <property name="java.vm.specification.vendor" value="Oracle Corporation"/>
    <property name="jdk.attach.allowAttachSelf" value=""/>
    <property name="java.awt.graphicsenv" value="sun.awt.X11GraphicsEnvironment"/>
    <property name="surefire.real.class.path" value="/home/karl/Work/CB/Learn/tenant_registration/angular_test/check_in_diff_org/temp/jpetstore-6/target/surefire/surefirebooter9375514083668142718.jar"/>
    <property name="sun.management.compiler" value="HotSpot 64-Bit Tiered Compilers"/>
    <property name="java.runtime.version" value="11.0.11+9-Ubuntu-0ubuntu2.18.04"/>
    <property name="user.name" value="karl"/>
    <property name="path.separator" value=":"/>
    <property name="os.version" value="4.15.0-140-generic"/>
    <property name="java.runtime.name" value="OpenJDK Runtime Environment"/>
    <property name="file.encoding" value="UTF-8"/>
    <property name="java.vm.name" value="OpenJDK 64-Bit Server VM"/>
    <property name="localRepository" value="/home/karl/.m2/repository"/>
    <property name="java.vendor.url.bug" value="https://bugs.launchpad.net/ubuntu/+source/openjdk-lts"/>
    <property name="java.io.tmpdir" value="/tmp"/>
    <property name="java.version" value="11.0.11"/>
    <property name="user.dir" value="/home/karl/Work/CB/Learn/tenant_registration/angular_test/check_in_diff_org/temp/jpetstore-6"/>
    <property name="os.arch" value="amd64"/>
    <property name="java.vm.specification.name" value="Java Virtual Machine Specification"/>
    <property name="java.awt.printerjob" value="sun.print.PSPrinterJob"/>
    <property name="sun.os.patch.level" value="unknown"/>
    <property name="java.library.path" value="/usr/java/packages/lib:/usr/lib/x86_64-linux-gnu/jni:/lib/x86_64-linux-gnu:/usr/lib/x86_64-linux-gnu:/usr/lib/jni:/lib:/usr/lib"/>
    <property name="java.vm.info" value="mixed mode"/>
    <property name="java.vendor" value="Ubuntu"/>
    <property name="java.vm.version" value="11.0.11+9-Ubuntu-0ubuntu2.18.04"/>
    <property name="sun.io.unicode.encoding" value="UnicodeLittle"/>
    <property name="java.class.version" value="55.0"/>
  </properties>
  <testcase name="getCategoryOutputNull" classname="org.mybatis.jpetstore.web.actions.CatalogActionBeanTest" time="0"/>
  <testcase name="constructorOutputNotNull" classname="org.mybatis.jpetstore.web.actions.CatalogActionBeanTest" time="0"/>
  <testcase name="getCategoryIdOutputNull" classname="org.mybatis.jpetstore.web.actions.CatalogActionBeanTest" time="0"/>
  <testcase name="getKeywordOutputNull" classname="org.mybatis.jpetstore.web.actions.CatalogActionBeanTest" time="0"/>
  <testcase name="getProductOutputNull" classname="org.mybatis.jpetstore.web.actions.CatalogActionBeanTest" time="0"/>
  <testcase name="getProductIdOutputNull" classname="org.mybatis.jpetstore.web.actions.CatalogActionBeanTest" time="0"/>
  <testcase name="getItemIdOutputNull" classname="org.mybatis.jpetstore.web.actions.CatalogActionBeanTest" time="0"/>
  <testcase name="getItemOutputNull" classname="org.mybatis.jpetstore.web.actions.CatalogActionBeanTest" time="0"/>
  <testcase name="getCategoryListOutputNull" classname="org.mybatis.jpetstore.web.actions.CatalogActionBeanTest" time="0"/>
  <testcase name="getProductListOutputNull" classname="org.mybatis.jpetstore.web.actions.CatalogActionBeanTest" time="0"/>
  <testcase name="getItemListOutputNull" classname="org.mybatis.jpetstore.web.actions.CatalogActionBeanTest" time="0"/>
</testsuite>